2017.04.28 10:59 B \cyusb_vista_w7_32.sys --> www.scottyspectrumanalyzer.us /domains/scottyspectrumanalyzer.us/public_html/Cypress/usb_configure 2.11 and signed drivers/usb_configure 2.11 and signed drivers/latest drivers/Vista-Windows 7 cyusb_vista_w7_32.sys
2017.04.28 10:59 B \cyusb_vista_w7_64.sys --> www.scottyspectrumanalyzer.us /domains/scottyspectrumanalyzer.us/public_html/Cypress/usb_configure 2.11 and signed drivers/usb_configure 2.11 and signed drivers/latest drivers/Vista-Windows 7 cyusb_vista_w7_64.sys
2017.04.28 10:59 B \msa-usb-0.03-1012-cyusb-vista-w7.cat --> www.scottyspectrumanalyzer.us /domains/scottyspectrumanalyzer.us/public_html/Cypress/usb_configure 2.11 and signed drivers/usb_configure 2.11 and signed drivers/latest drivers/Vista-Windows 7 msa-usb-0.03-1012-cyusb-vista-w7.cat
2017.04.28 10:59 B \msa-usb-0.03-1012-cyUSB-Vista-W7.inf --> www.scottyspectrumanalyzer.us /domains/scottyspectrumanalyzer.us/public_html/Cypress/usb_configure 2.11 and signed drivers/usb_configure 2.11 and signed drivers/latest drivers/Vista-Windows 7 msa-usb-0.03-1012-cyUSB-Vista-W7.inf
2017.04.28 10:59 B \msa-usb-0.03-1014-cyusb-vista-w7.cat --> www.scottyspectrumanalyzer.us /domains/scottyspectrumanalyzer.us/public_html/Cypress/usb_configure 2.11 and signed drivers/usb_configure 2.11 and signed drivers/latest drivers/Vista-Windows 7 msa-usb-0.03-1014-cyusb-vista-w7.cat
2017.04.28 10:59 B \msa-usb-0.03-1014-cyUSB-Vista-W7.inf --> www.scottyspectrumanalyzer.us /domains/scottyspectrumanalyzer.us/public_html/Cypress/usb_configure 2.11 and signed drivers/usb_configure 2.11 and signed drivers/latest drivers/Vista-Windows 7 msa-usb-0.03-1014-cyUSB-Vista-W7.inf
2017.04.28 10:59 B \msa_usb_100_pid1013_0.03.spt --> www.scottyspectrumanalyzer.us /domains/scottyspectrumanalyzer.us/public_html/Cypress/usb_configure 2.11 and signed drivers/usb_configure 2.11 and signed drivers/latest drivers/Vista-Windows 7 msa_usb_100_pid1013_0.03.spt
2017.04.28 10:59 B \msa_usb_100_pid1015_0.03.spt --> www.scottyspectrumanalyzer.us /domains/scottyspectrumanalyzer.us/public_html/Cypress/usb_configure 2.11 and signed drivers/usb_configure 2.11 and signed drivers/latest drivers/Vista-Windows 7 msa_usb_100_pid1015_0.03.spt
2017.04.28 10:59 B \n2pk-usb-1004-cyusb-vista-w7.cat --> www.scottyspectrumanalyzer.us /domains/scottyspectrumanalyzer.us/public_html/Cypress/usb_configure 2.11 and signed drivers/usb_configure 2.11 and signed drivers/latest drivers/Vista-Windows 7 n2pk-usb-1004-cyusb-vista-w7.cat
2017.04.28 10:59 B \n2pk-usb-1004-cyUSB-Vista-W7.inf --> www.scottyspectrumanalyzer.us /domains/scottyspectrumanalyzer.us/public_html/Cypress/usb_configure 2.11 and signed drivers/usb_configure 2.11 and signed drivers/latest drivers/Vista-Windows 7 n2pk-usb-1004-cyUSB-Vista-W7.inf
2017.04.28 10:59 B \n2pk-usb-1008-cyusb-vista-w7.cat --> www.scottyspectrumanalyzer.us /domains/scottyspectrumanalyzer.us/public_html/Cypress/usb_configure 2.11 and signed drivers/usb_configure 2.11 and signed drivers/latest drivers/Vista-Windows 7 n2pk-usb-1008-cyusb-vista-w7.cat
2017.04.28 10:59 B \n2pk-usb-1008-cyUSB-Vista-W7.inf --> www.scottyspectrumanalyzer.us /domains/scottyspectrumanalyzer.us/public_html/Cypress/usb_configure 2.11 and signed drivers/usb_configure 2.11 and signed drivers/latest drivers/Vista-Windows 7 n2pk-usb-1008-cyUSB-Vista-W7.inf
2017.04.28 10:59 B \n2pk-usb-100a-cyusb-vista-w7.cat --> www.scottyspectrumanalyzer.us /domains/scottyspectrumanalyzer.us/public_html/Cypress/usb_configure 2.11 and signed drivers/usb_configure 2.11 and signed drivers/latest drivers/Vista-Windows 7 n2pk-usb-100a-cyusb-vista-w7.cat
2017.04.28 10:59 B \n2pk-usb-100A-cyUSB-Vista-W7.inf --> www.scottyspectrumanalyzer.us /domains/scottyspectrumanalyzer.us/public_html/Cypress/usb_configure 2.11 and signed drivers/usb_configure 2.11 and signed drivers/latest drivers/Vista-Windows 7 n2pk-usb-100A-cyUSB-Vista-W7.inf
2017.04.28 10:59 B \n2pk-usb-100c-cyusb-vista-w7.cat --> www.scottyspectrumanalyzer.us /domains/scottyspectrumanalyzer.us/public_html/Cypress/usb_configure 2.11 and signed drivers/usb_configure 2.11 and signed drivers/latest drivers/Vista-Windows 7 n2pk-usb-100c-cyusb-vista-w7.cat
2017.04.28 10:59 B \n2pk-usb-100C-cyUSB-Vista-W7.inf --> www.scottyspectrumanalyzer.us /domains/scottyspectrumanalyzer.us/public_html/Cypress/usb_configure 2.11 and signed drivers/usb_configure 2.11 and signed drivers/latest drivers/Vista-Windows 7 n2pk-usb-100C-cyUSB-Vista-W7.inf
2017.04.28 10:59 B \n2pk-usb-fx2lp-cyusb-vista-w7.cat --> www.scottyspectrumanalyzer.us /domains/scottyspectrumanalyzer.us/public_html/Cypress/usb_configure 2.11 and signed drivers/usb_configure 2.11 and signed drivers/latest drivers/Vista-Windows 7 n2pk-usb-fx2lp-cyusb-vista-w7.cat
2017.04.28 10:59 B \n2pk-usb-fx2lp-cyUSB-Vista-W7.inf --> www.scottyspectrumanalyzer.us /domains/scottyspectrumanalyzer.us/public_html/Cypress/usb_configure 2.11 and signed drivers/usb_configure 2.11 and signed drivers/latest drivers/Vista-Windows 7 n2pk-usb-fx2lp-cyUSB-Vista-W7.inf
2017.04.28 10:59 B \n2pk_vna_usb_500_pid1009_0.22.spt --> www.scottyspectrumanalyzer.us /domains/scottyspectrumanalyzer.us/public_html/Cypress/usb_configure 2.11 and signed drivers/usb_configure 2.11 and signed drivers/latest drivers/Vista-Windows 7 n2pk_vna_usb_500_pid1009_0.22.spt
2017.04.28 10:59 B \n2pk_vna_usb_pid1005_0.22.spt --> www.scottyspectrumanalyzer.us /domains/scottyspectrumanalyzer.us/public_html/Cypress/usb_configure 2.11 and signed drivers/usb_configure 2.11 and signed drivers/latest drivers/Vista-Windows 7 n2pk_vna_usb_pid1005_0.22.spt
2017.04.28 10:59 B \n2pk_vna_usb_v5_500_pid100D_0.22.spt --> www.scottyspectrumanalyzer.us /domains/scottyspectrumanalyzer.us/public_html/Cypress/usb_configure 2.11 and signed drivers/usb_configure 2.11 and signed drivers/latest drivers/Vista-Windows 7 n2pk_vna_usb_v5_500_pid100D_0.22.spt
2017.04.28 10:59 B \n2pk_vna_usb_v5_pid100B_0.22.spt --> www.scottyspectrumanalyzer.us /domains/scottyspectrumanalyzer.us/public_html/Cypress/usb_configure 2.11 and signed drivers/usb_configure 2.11 and signed drivers/latest drivers/Vista-Windows 7 n2pk_vna_usb_v5_pid100B_0.22.spt
