

Error log timestamp Friday 08.03.19 21:57:56

Runtime error: Uvedený modul nebyl nalezen. ( OS error 16r7E )

Error(Exception)>>defaultAction
Error(Exception)>>activateHandler: <anUndefinedObject> 
Error(Exception)>>handle
Error(Exception)>>signal
Error class(Exception class)>>signal: <'Uvedený modul nebyl ...'> 
BasicRunProgram(Object)>>error: <'Uvedený modul nebyl ...'> 
BasicRunProgram(BasicProgram)>>terminateRun: <anError> 
[] in BasicProgram>>errorHandlerBlock
ExceptionHandler>>evaluateResponseBlock: <aBlockClosure> for: <anError> 
[] in ExceptionHandler>>handle:
ProtectedFrameMarker(BlockClosure)>>setUnwind: <aBlockClosure> 
BlockClosure>>invisibleEnsure: <aBlockClosure> 
ExceptionHandler>>handle: <anError> 
ExceptionHandler>>findHandler: <anError> 
Error(Exception)>>activateHandler: <anExceptionHandler> 
Error(Exception)>>handle
Error(Exception)>>signal
Error class(Exception class)>>signal: <'Uvedený modul nebyl ...'> 
NTPortDLL class(Object)>>osError: <126> 
NTPortDLL class(Object)>>osError
NTPortDLL class(DynamicLinkLibrary class)>>open: <'ntport'> 
NTPortDLL class(DynamicLinkLibrary class)>>open
NTPortDLL class(DynamicLinkLibrary class)>>getCurrent
NTPortDLL class>>current
[] in OutCommand>>using:
[] in BasicRunProgram>>begin
ExceptionHandler>>evaluateProtectedBlock: <aBlockClosure> 
[] in ExceptionHandler>>activateDuring:
ProtectedFrameMarker(BlockClosure)>>setUnwind: <aBlockClosure> 
BlockClosure>>invisibleEnsure: <aBlockClosure> 
ExceptionHandler>>activateDuring: <aBlockClosure> 
ExceptionHandler class>>handle: <anError class> with: <aBlockClosure> during: <aBlockClosure> 
BlockClosure>>on: <anError class> do: <aBlockClosure> 
BasicRunProgram>>begin
BasicRunProgram(BasicProgram)>>gotoAndIfStoppedBegin: <'[Pin17down]'> 
BasicRunProgram(BasicProgram)>>handlerName: <'[Pin17down]'> evaluate: <aBlockClosure> callParameters: <anOrderedCollection> 
BasicRunProgram>>handlerName: <'[Pin17down]'> evaluate: <aBlockClosure> callParameters: <anOrderedCollection> 
BasicRunProgram(BasicProgram)>>submitHandlerName: <'[Pin17down]'> evaluate: <aBlockClosure> callParameters: <anOrderedCollection> 
BasicRunProgram(BasicProgram)>>submitHandlerName: <'[Pin17down]'> callParameters: <anOrderedCollection> 
LibButton>>click
BasicDialogBox(BasicWindow)>>click: <aLibButton> 
LibButton(Button)>>click: <aLibButton> 
Message>>perform
Message>>evaluate
LibButton(Object)>>triggerEvent: <#clicked> 
LibButton(Button)>>triggerClickedEvent
LibButton(Button)>>notifyClicked: <133806> 
LibButton(ControlPane)>>asyncControlEvent: <0> with: <133806> 
Message>>perform
NotificationManager>>empty


Error log timestamp Friday 08.03.19 21:58:19

Runtime error: Uvedený modul nebyl nalezen. ( OS error 16r7E )

Error(Exception)>>defaultAction
Error(Exception)>>activateHandler: <anUndefinedObject> 
Error(Exception)>>handle
Error(Exception)>>signal
Error class(Exception class)>>signal: <'Uvedený modul nebyl ...'> 
BasicRunProgram(Object)>>error: <'Uvedený modul nebyl ...'> 
BasicRunProgram(BasicProgram)>>terminateRun: <anError> 
[] in BasicProgram>>errorHandlerBlock
ExceptionHandler>>evaluateResponseBlock: <aBlockClosure> for: <anError> 
[] in ExceptionHandler>>handle:
ProtectedFrameMarker(BlockClosure)>>setUnwind: <aBlockClosure> 
BlockClosure>>invisibleEnsure: <aBlockClosure> 
ExceptionHandler>>handle: <anError> 
ExceptionHandler>>findHandler: <anError> 
Error(Exception)>>activateHandler: <anExceptionHandler> 
Error(Exception)>>handle
Error(Exception)>>signal
Error class(Exception class)>>signal: <'Uvedený modul nebyl ...'> 
NTPortDLL class(Object)>>osError: <126> 
NTPortDLL class(Object)>>osError
NTPortDLL class(DynamicLinkLibrary class)>>open: <'ntport'> 
NTPortDLL class(DynamicLinkLibrary class)>>open
NTPortDLL class(DynamicLinkLibrary class)>>getCurrent
NTPortDLL class>>current
[] in OutCommand>>using:
[] in BasicRunProgram>>begin
ExceptionHandler>>evaluateProtectedBlock: <aBlockClosure> 
[] in ExceptionHandler>>activateDuring:
ProtectedFrameMarker(BlockClosure)>>setUnwind: <aBlockClosure> 
BlockClosure>>invisibleEnsure: <aBlockClosure> 
ExceptionHandler>>activateDuring: <aBlockClosure> 
ExceptionHandler class>>handle: <anError class> with: <aBlockClosure> during: <aBlockClosure> 
BlockClosure>>on: <anError class> do: <aBlockClosure> 
BasicRunProgram>>begin
BasicRunProgram(BasicProgram)>>gotoAndIfStoppedBegin: <'[Pin17down]'> 
BasicRunProgram(BasicProgram)>>handlerName: <'[Pin17down]'> evaluate: <aBlockClosure> callParameters: <anOrderedCollection> 
BasicRunProgram>>handlerName: <'[Pin17down]'> evaluate: <aBlockClosure> callParameters: <anOrderedCollection> 
BasicRunProgram(BasicProgram)>>submitHandlerName: <'[Pin17down]'> evaluate: <aBlockClosure> callParameters: <anOrderedCollection> 
BasicRunProgram(BasicProgram)>>submitHandlerName: <'[Pin17down]'> callParameters: <anOrderedCollection> 
LibButton>>click
BasicDialogBox(BasicWindow)>>click: <aLibButton> 
LibButton(Button)>>click: <aLibButton> 
Message>>perform
Message>>evaluate
LibButton(Object)>>triggerEvent: <#clicked> 
LibButton(Button)>>triggerClickedEvent
LibButton(Button)>>notifyClicked: <199314> 
LibButton(ControlPane)>>asyncControlEvent: <0> with: <199314> 
Message>>perform
NotificationManager>>empty


Error log timestamp Friday 08.03.19 21:59:39

Runtime error: Uvedený modul nebyl nalezen. ( OS error 16r7E )

Error(Exception)>>defaultAction
Error(Exception)>>activateHandler: <anUndefinedObject> 
Error(Exception)>>handle
Error(Exception)>>signal
Error class(Exception class)>>signal: <'Uvedený modul nebyl ...'> 
BasicRunProgram(Object)>>error: <'Uvedený modul nebyl ...'> 
BasicRunProgram(BasicProgram)>>terminateRun: <anError> 
[] in BasicProgram>>errorHandlerBlock
ExceptionHandler>>evaluateResponseBlock: <aBlockClosure> for: <anError> 
[] in ExceptionHandler>>handle:
ProtectedFrameMarker(BlockClosure)>>setUnwind: <aBlockClosure> 
BlockClosure>>invisibleEnsure: <aBlockClosure> 
ExceptionHandler>>handle: <anError> 
ExceptionHandler>>findHandler: <anError> 
Error(Exception)>>activateHandler: <anExceptionHandler> 
Error(Exception)>>handle
Error(Exception)>>signal
Error class(Exception class)>>signal: <'Uvedený modul nebyl ...'> 
NTPortDLL class(Object)>>osError: <126> 
NTPortDLL class(Object)>>osError
NTPortDLL class(DynamicLinkLibrary class)>>open: <'ntport'> 
NTPortDLL class(DynamicLinkLibrary class)>>open
NTPortDLL class(DynamicLinkLibrary class)>>getCurrent
NTPortDLL class>>current
[] in OutCommand>>using:
[] in BasicRunProgram>>begin
ExceptionHandler>>evaluateProtectedBlock: <aBlockClosure> 
[] in ExceptionHandler>>activateDuring:
ProtectedFrameMarker(BlockClosure)>>setUnwind: <aBlockClosure> 
BlockClosure>>invisibleEnsure: <aBlockClosure> 
ExceptionHandler>>activateDuring: <aBlockClosure> 
ExceptionHandler class>>handle: <anError class> with: <aBlockClosure> during: <aBlockClosure> 
BlockClosure>>on: <anError class> do: <aBlockClosure> 
BasicRunProgram>>begin
BasicRunProgram(BasicProgram)>>gotoAndIfStoppedBegin: <'[Pin17down]'> 
BasicRunProgram(BasicProgram)>>handlerName: <'[Pin17down]'> evaluate: <aBlockClosure> callParameters: <anOrderedCollection> 
BasicRunProgram>>handlerName: <'[Pin17down]'> evaluate: <aBlockClosure> callParameters: <anOrderedCollection> 
BasicRunProgram(BasicProgram)>>submitHandlerName: <'[Pin17down]'> evaluate: <aBlockClosure> callParameters: <anOrderedCollection> 
BasicRunProgram(BasicProgram)>>submitHandlerName: <'[Pin17down]'> callParameters: <anOrderedCollection> 
LibButton>>click
BasicDialogBox(BasicWindow)>>click: <aLibButton> 
LibButton(Button)>>click: <aLibButton> 
Message>>perform
Message>>evaluate
LibButton(Object)>>triggerEvent: <#clicked> 
LibButton(Button)>>triggerClickedEvent
LibButton(Button)>>notifyClicked: <134000> 
LibButton(ControlPane)>>asyncControlEvent: <0> with: <134000> 
Message>>perform
NotificationManager>>empty


Error log timestamp Friday 08.03.19 22:03:54

Runtime error: Uvedený modul nebyl nalezen. ( OS error 16r7E )

Error(Exception)>>defaultAction
Error(Exception)>>activateHandler: <anUndefinedObject> 
Error(Exception)>>handle
Error(Exception)>>signal
Error class(Exception class)>>signal: <'Uvedený modul nebyl ...'> 
BasicRunProgram(Object)>>error: <'Uvedený modul nebyl ...'> 
BasicRunProgram(BasicProgram)>>terminateRun: <anError> 
[] in BasicProgram>>errorHandlerBlock
ExceptionHandler>>evaluateResponseBlock: <aBlockClosure> for: <anError> 
[] in ExceptionHandler>>handle:
ProtectedFrameMarker(BlockClosure)>>setUnwind: <aBlockClosure> 
BlockClosure>>invisibleEnsure: <aBlockClosure> 
ExceptionHandler>>handle: <anError> 
ExceptionHandler>>findHandler: <anError> 
Error(Exception)>>activateHandler: <anExceptionHandler> 
Error(Exception)>>handle
Error(Exception)>>signal
Error class(Exception class)>>signal: <'Uvedený modul nebyl ...'> 
NTPortDLL class(Object)>>osError: <126> 
NTPortDLL class(Object)>>osError
NTPortDLL class(DynamicLinkLibrary class)>>open: <'ntport'> 
NTPortDLL class(DynamicLinkLibrary class)>>open
NTPortDLL class(DynamicLinkLibrary class)>>getCurrent
NTPortDLL class>>current
[] in OutCommand>>using:
[] in BasicRunProgram>>begin
ExceptionHandler>>evaluateProtectedBlock: <aBlockClosure> 
[] in ExceptionHandler>>activateDuring:
ProtectedFrameMarker(BlockClosure)>>setUnwind: <aBlockClosure> 
BlockClosure>>invisibleEnsure: <aBlockClosure> 
ExceptionHandler>>activateDuring: <aBlockClosure> 
ExceptionHandler class>>handle: <anError class> with: <aBlockClosure> during: <aBlockClosure> 
BlockClosure>>on: <anError class> do: <aBlockClosure> 
BasicRunProgram>>begin
BasicRunProgram(BasicProgram)>>gotoAndIfStoppedBegin: <'[Pin17down]'> 
BasicRunProgram(BasicProgram)>>handlerName: <'[Pin17down]'> evaluate: <aBlockClosure> callParameters: <anOrderedCollection> 
BasicRunProgram>>handlerName: <'[Pin17down]'> evaluate: <aBlockClosure> callParameters: <anOrderedCollection> 
BasicRunProgram(BasicProgram)>>submitHandlerName: <'[Pin17down]'> evaluate: <aBlockClosure> callParameters: <anOrderedCollection> 
BasicRunProgram(BasicProgram)>>submitHandlerName: <'[Pin17down]'> callParameters: <anOrderedCollection> 
LibButton>>click
BasicDialogBox(BasicWindow)>>click: <aLibButton> 
LibButton(Button)>>click: <aLibButton> 
Message>>perform
Message>>evaluate
LibButton(Object)>>triggerEvent: <#clicked> 
LibButton(Button)>>triggerClickedEvent
LibButton(Button)>>notifyClicked: <396094> 
LibButton(ControlPane)>>asyncControlEvent: <0> with: <396094> 
Message>>perform
NotificationManager>>empty


Error log timestamp Friday 08.03.19 22:04:18

Runtime error: Uvedený modul nebyl nalezen. ( OS error 16r7E )

Error(Exception)>>defaultAction
Error(Exception)>>activateHandler: <anUndefinedObject> 
Error(Exception)>>handle
Error(Exception)>>signal
Error class(Exception class)>>signal: <'Uvedený modul nebyl ...'> 
BasicRunProgram(Object)>>error: <'Uvedený modul nebyl ...'> 
BasicRunProgram(BasicProgram)>>terminateRun: <anError> 
[] in BasicProgram>>errorHandlerBlock
ExceptionHandler>>evaluateResponseBlock: <aBlockClosure> for: <anError> 
[] in ExceptionHandler>>handle:
ProtectedFrameMarker(BlockClosure)>>setUnwind: <aBlockClosure> 
BlockClosure>>invisibleEnsure: <aBlockClosure> 
ExceptionHandler>>handle: <anError> 
ExceptionHandler>>findHandler: <anError> 
Error(Exception)>>activateHandler: <anExceptionHandler> 
Error(Exception)>>handle
Error(Exception)>>signal
Error class(Exception class)>>signal: <'Uvedený modul nebyl ...'> 
NTPortDLL class(Object)>>osError: <126> 
NTPortDLL class(Object)>>osError
NTPortDLL class(DynamicLinkLibrary class)>>open: <'ntport'> 
NTPortDLL class(DynamicLinkLibrary class)>>open
NTPortDLL class(DynamicLinkLibrary class)>>getCurrent
NTPortDLL class>>current
[] in OutCommand>>using:
[] in BasicRunProgram>>begin
ExceptionHandler>>evaluateProtectedBlock: <aBlockClosure> 
[] in ExceptionHandler>>activateDuring:
ProtectedFrameMarker(BlockClosure)>>setUnwind: <aBlockClosure> 
BlockClosure>>invisibleEnsure: <aBlockClosure> 
ExceptionHandler>>activateDuring: <aBlockClosure> 
ExceptionHandler class>>handle: <anError class> with: <aBlockClosure> during: <aBlockClosure> 
BlockClosure>>on: <anError class> do: <aBlockClosure> 
BasicRunProgram>>begin
BasicRunProgram(BasicProgram)>>gotoAndIfStoppedBegin: <'[Pin17down]'> 
BasicRunProgram(BasicProgram)>>handlerName: <'[Pin17down]'> evaluate: <aBlockClosure> callParameters: <anOrderedCollection> 
BasicRunProgram>>handlerName: <'[Pin17down]'> evaluate: <aBlockClosure> callParameters: <anOrderedCollection> 
BasicRunProgram(BasicProgram)>>submitHandlerName: <'[Pin17down]'> evaluate: <aBlockClosure> callParameters: <anOrderedCollection> 
BasicRunProgram(BasicProgram)>>submitHandlerName: <'[Pin17down]'> callParameters: <anOrderedCollection> 
LibButton>>click
BasicDialogBox(BasicWindow)>>click: <aLibButton> 
LibButton(Button)>>click: <aLibButton> 
Message>>perform
Message>>evaluate
LibButton(Object)>>triggerEvent: <#clicked> 
LibButton(Button)>>triggerClickedEvent
LibButton(Button)>>notifyClicked: <68508> 
LibButton(ControlPane)>>asyncControlEvent: <0> with: <68508> 
Message>>perform
NotificationManager>>empty


Error log timestamp Friday 08.03.19 22:09:15

Runtime error: Uvedený modul nebyl nalezen. ( OS error 16r7E )

Error(Exception)>>defaultAction
Error(Exception)>>activateHandler: <anUndefinedObject> 
Error(Exception)>>handle
Error(Exception)>>signal
Error class(Exception class)>>signal: <'Uvedený modul nebyl ...'> 
BasicRunProgram(Object)>>error: <'Uvedený modul nebyl ...'> 
BasicRunProgram(BasicProgram)>>terminateRun: <anError> 
[] in BasicProgram>>errorHandlerBlock
ExceptionHandler>>evaluateResponseBlock: <aBlockClosure> for: <anError> 
[] in ExceptionHandler>>handle:
ProtectedFrameMarker(BlockClosure)>>setUnwind: <aBlockClosure> 
BlockClosure>>invisibleEnsure: <aBlockClosure> 
ExceptionHandler>>handle: <anError> 
ExceptionHandler>>findHandler: <anError> 
Error(Exception)>>activateHandler: <anExceptionHandler> 
Error(Exception)>>handle
Error(Exception)>>signal
Error class(Exception class)>>signal: <'Uvedený modul nebyl ...'> 
NTPortDLL class(Object)>>osError: <126> 
NTPortDLL class(Object)>>osError
NTPortDLL class(DynamicLinkLibrary class)>>open: <'ntport'> 
NTPortDLL class(DynamicLinkLibrary class)>>open
NTPortDLL class(DynamicLinkLibrary class)>>getCurrent
NTPortDLL class>>current
[] in OutCommand>>using:
[] in BasicRunProgram>>begin
ExceptionHandler>>evaluateProtectedBlock: <aBlockClosure> 
[] in ExceptionHandler>>activateDuring:
ProtectedFrameMarker(BlockClosure)>>setUnwind: <aBlockClosure> 
BlockClosure>>invisibleEnsure: <aBlockClosure> 
ExceptionHandler>>activateDuring: <aBlockClosure> 
ExceptionHandler class>>handle: <anError class> with: <aBlockClosure> during: <aBlockClosure> 
BlockClosure>>on: <anError class> do: <aBlockClosure> 
BasicRunProgram>>begin
BasicRunProgram(BasicProgram)>>gotoAndIfStoppedBegin: <'[configSaveAndReturn...'> 
BasicRunProgram(BasicProgram)>>handlerName: <'[configSaveAndReturn...'> evaluate: <aBlockClosure> callParameters: <anOrderedCollection> 
BasicRunProgram>>handlerName: <'[configSaveAndReturn...'> evaluate: <aBlockClosure> callParameters: <anOrderedCollection> 
BasicRunProgram(BasicProgram)>>submitHandlerName: <'[configSaveAndReturn...'> evaluate: <aBlockClosure> callParameters: <anOrderedCollection> 
BasicRunProgram(BasicProgram)>>submitHandlerName: <'[configSaveAndReturn...'> callParameters: <anOrderedCollection> 
LibButton>>click
BasicDialogBox(BasicWindow)>>click: <aLibButton> 
LibButton(Button)>>click: <aLibButton> 
Message>>perform
Message>>evaluate
LibButton(Object)>>triggerEvent: <#clicked> 
LibButton(Button)>>triggerClickedEvent
LibButton(Button)>>notifyClicked: <134256> 
LibButton(Object)>>perform: <#notifyClicked:> with: <134256> 
LibButton(ControlPane)>>asyncControlEvent: <0> with: <134256> 
Message>>perform


Error log timestamp Friday 08.03.19 22:09:25

Runtime error: Uvedený modul nebyl nalezen. ( OS error 16r7E )

Error(Exception)>>defaultAction
Error(Exception)>>activateHandler: <anUndefinedObject> 
Error(Exception)>>handle
Error(Exception)>>signal
Error class(Exception class)>>signal: <'Uvedený modul nebyl ...'> 
BasicRunProgram(Object)>>error: <'Uvedený modul nebyl ...'> 
BasicRunProgram(BasicProgram)>>terminateRun: <anError> 
[] in BasicProgram>>errorHandlerBlock
ExceptionHandler>>evaluateResponseBlock: <aBlockClosure> for: <anError> 
[] in ExceptionHandler>>handle:
ProtectedFrameMarker(BlockClosure)>>setUnwind: <aBlockClosure> 
BlockClosure>>invisibleEnsure: <aBlockClosure> 
ExceptionHandler>>handle: <anError> 
ExceptionHandler>>findHandler: <anError> 
Error(Exception)>>activateHandler: <anExceptionHandler> 
Error(Exception)>>handle
Error(Exception)>>signal
Error class(Exception class)>>signal: <'Uvedený modul nebyl ...'> 
NTPortDLL class(Object)>>osError: <126> 
NTPortDLL class(Object)>>osError
NTPortDLL class(DynamicLinkLibrary class)>>open: <'ntport'> 
NTPortDLL class(DynamicLinkLibrary class)>>open
NTPortDLL class(DynamicLinkLibrary class)>>getCurrent
NTPortDLL class>>current
[] in OutCommand>>using:
[] in BasicRunProgram>>begin
ExceptionHandler>>evaluateProtectedBlock: <aBlockClosure> 
[] in ExceptionHandler>>activateDuring:
ProtectedFrameMarker(BlockClosure)>>setUnwind: <aBlockClosure> 
BlockClosure>>invisibleEnsure: <aBlockClosure> 
ExceptionHandler>>activateDuring: <aBlockClosure> 
ExceptionHandler class>>handle: <anError class> with: <aBlockClosure> during: <aBlockClosure> 
BlockClosure>>on: <anError class> do: <aBlockClosure> 
BasicRunProgram>>begin
BasicRunProgram(BasicProgram)>>run
BasicOnDemandCompiler class>>readTknFile: <'g:\Mùj disk\Document...'> callingProgram: <anUndefinedObject> commandLine: <''> 
Basic class>>start
Message>>perform
NotificationManager>>empty
NotificationManager>>runPendingEvents
NotificationManager>>runEventLoop
Message>>perform
Message>>evaluate
Process>>safelyEvaluate: <aMessage> 
Process>>evaluate: <aMessage> 


Error log timestamp Friday 08.03.19 22:10:18

Runtime error: Uvedený modul nebyl nalezen. ( OS error 16r7E )

Error(Exception)>>defaultAction
Error(Exception)>>activateHandler: <anUndefinedObject> 
Error(Exception)>>handle
Error(Exception)>>signal
Error class(Exception class)>>signal: <'Uvedený modul nebyl ...'> 
BasicRunProgram(Object)>>error: <'Uvedený modul nebyl ...'> 
BasicRunProgram(BasicProgram)>>terminateRun: <anError> 
[] in BasicProgram>>errorHandlerBlock
ExceptionHandler>>evaluateResponseBlock: <aBlockClosure> for: <anError> 
[] in ExceptionHandler>>handle:
ProtectedFrameMarker(BlockClosure)>>setUnwind: <aBlockClosure> 
BlockClosure>>invisibleEnsure: <aBlockClosure> 
ExceptionHandler>>handle: <anError> 
ExceptionHandler>>findHandler: <anError> 
Error(Exception)>>activateHandler: <anExceptionHandler> 
Error(Exception)>>handle
Error(Exception)>>signal
Error class(Exception class)>>signal: <'Uvedený modul nebyl ...'> 
NTPortDLL class(Object)>>osError: <126> 
NTPortDLL class(Object)>>osError
NTPortDLL class(DynamicLinkLibrary class)>>open: <'ntport'> 
NTPortDLL class(DynamicLinkLibrary class)>>open
NTPortDLL class(DynamicLinkLibrary class)>>getCurrent
NTPortDLL class>>current
[] in OutCommand>>using:
[] in BasicRunProgram>>begin
ExceptionHandler>>evaluateProtectedBlock: <aBlockClosure> 
[] in ExceptionHandler>>activateDuring:
ProtectedFrameMarker(BlockClosure)>>setUnwind: <aBlockClosure> 
BlockClosure>>invisibleEnsure: <aBlockClosure> 
ExceptionHandler>>activateDuring: <aBlockClosure> 
ExceptionHandler class>>handle: <anError class> with: <aBlockClosure> during: <aBlockClosure> 
BlockClosure>>on: <anError class> do: <aBlockClosure> 
BasicRunProgram>>begin
BasicRunProgram(BasicProgram)>>gotoAndIfStoppedBegin: <'[Pin16down]'> 
BasicRunProgram(BasicProgram)>>handlerName: <'[Pin16down]'> evaluate: <aBlockClosure> callParameters: <anOrderedCollection> 
BasicRunProgram>>handlerName: <'[Pin16down]'> evaluate: <aBlockClosure> callParameters: <anOrderedCollection> 
BasicRunProgram(BasicProgram)>>submitHandlerName: <'[Pin16down]'> evaluate: <aBlockClosure> callParameters: <anOrderedCollection> 
BasicRunProgram(BasicProgram)>>submitHandlerName: <'[Pin16down]'> callParameters: <anOrderedCollection> 
LibButton>>click
BasicDialogBox(BasicWindow)>>click: <aLibButton> 
LibButton(Button)>>click: <aLibButton> 
Message>>perform
Message>>evaluate
LibButton(Object)>>triggerEvent: <#clicked> 
LibButton(Button)>>triggerClickedEvent
LibButton(Button)>>notifyClicked: <265340> 
LibButton(Object)>>perform: <#notifyClicked:> with: <265340> 
LibButton(ControlPane)>>asyncControlEvent: <0> with: <265340> 
Message>>perform


Error log timestamp Friday 08.03.19 22:10:39

Runtime error: Uvedený modul nebyl nalezen. ( OS error 16r7E )

Error(Exception)>>defaultAction
Error(Exception)>>activateHandler: <anUndefinedObject> 
Error(Exception)>>handle
Error(Exception)>>signal
Error class(Exception class)>>signal: <'Uvedený modul nebyl ...'> 
BasicRunProgram(Object)>>error: <'Uvedený modul nebyl ...'> 
BasicRunProgram(BasicProgram)>>terminateRun: <anError> 
[] in BasicProgram>>errorHandlerBlock
ExceptionHandler>>evaluateResponseBlock: <aBlockClosure> for: <anError> 
[] in ExceptionHandler>>handle:
ProtectedFrameMarker(BlockClosure)>>setUnwind: <aBlockClosure> 
BlockClosure>>invisibleEnsure: <aBlockClosure> 
ExceptionHandler>>handle: <anError> 
ExceptionHandler>>findHandler: <anError> 
Error(Exception)>>activateHandler: <anExceptionHandler> 
Error(Exception)>>handle
Error(Exception)>>signal
Error class(Exception class)>>signal: <'Uvedený modul nebyl ...'> 
NTPortDLL class(Object)>>osError: <126> 
NTPortDLL class(Object)>>osError
NTPortDLL class(DynamicLinkLibrary class)>>open: <'ntport'> 
NTPortDLL class(DynamicLinkLibrary class)>>open
NTPortDLL class(DynamicLinkLibrary class)>>getCurrent
NTPortDLL class>>current
[] in OutCommand>>using:
[] in BasicRunProgram>>begin
ExceptionHandler>>evaluateProtectedBlock: <aBlockClosure> 
[] in ExceptionHandler>>activateDuring:
ProtectedFrameMarker(BlockClosure)>>setUnwind: <aBlockClosure> 
BlockClosure>>invisibleEnsure: <aBlockClosure> 
ExceptionHandler>>activateDuring: <aBlockClosure> 
ExceptionHandler class>>handle: <anError class> with: <aBlockClosure> during: <aBlockClosure> 
BlockClosure>>on: <anError class> do: <aBlockClosure> 
BasicRunProgram>>begin
BasicRunProgram(BasicProgram)>>gotoAndIfStoppedBegin: <'[Pin17down]'> 
BasicRunProgram(BasicProgram)>>handlerName: <'[Pin17down]'> evaluate: <aBlockClosure> callParameters: <anOrderedCollection> 
BasicRunProgram>>handlerName: <'[Pin17down]'> evaluate: <aBlockClosure> callParameters: <anOrderedCollection> 
BasicRunProgram(BasicProgram)>>submitHandlerName: <'[Pin17down]'> evaluate: <aBlockClosure> callParameters: <anOrderedCollection> 
BasicRunProgram(BasicProgram)>>submitHandlerName: <'[Pin17down]'> callParameters: <anOrderedCollection> 
LibButton>>click
BasicDialogBox(BasicWindow)>>click: <aLibButton> 
LibButton(Button)>>click: <aLibButton> 
Message>>perform
Message>>evaluate
LibButton(Object)>>triggerEvent: <#clicked> 
LibButton(Button)>>triggerClickedEvent
LibButton(Button)>>notifyClicked: <527256> 
LibButton(ControlPane)>>asyncControlEvent: <0> with: <527256> 
Message>>perform
NotificationManager>>empty


Error log timestamp Thursday 01.08.19 20:04:39

Runtime error: Runtime password required

Error(Exception)>>defaultAction
Error(Exception)>>activateHandler: <anUndefinedObject> 
Error(Exception)>>handle
Error(Exception)>>signal
Error class(Exception class)>>signal: <'Runtime password req...'> 
BasicRunProgram(Object)>>error: <'Runtime password req...'> 
BasicRunProgram(BasicProgram)>>terminateRun: <anError> 
[] in BasicProgram>>errorHandlerBlock
ExceptionHandler>>evaluateResponseBlock: <aBlockClosure> for: <anError> 
[] in ExceptionHandler>>handle:
ProtectedFrameMarker(BlockClosure)>>setUnwind: <aBlockClosure> 
BlockClosure>>invisibleEnsure: <aBlockClosure> 
ExceptionHandler>>handle: <anError> 
ExceptionHandler>>findHandler: <anError> 
Error(Exception)>>activateHandler: <anExceptionHandler> 
Error(Exception)>>handle
Error(Exception)>>signal
Error class(Exception class)>>signal: <'Runtime password req...'> 
BasicRunProgram(Object)>>error: <'Runtime password req...'> 
BasicRunProgram(BasicProgram)>>runError: <'Runtime password req...'> 
[] in ScanCommand>>using:
[] in BasicRunProgram>>begin
ExceptionHandler>>evaluateProtectedBlock: <aBlockClosure> 
[] in ExceptionHandler>>activateDuring:
ProtectedFrameMarker(BlockClosure)>>setUnwind: <aBlockClosure> 
BlockClosure>>invisibleEnsure: <aBlockClosure> 
ExceptionHandler>>activateDuring: <aBlockClosure> 
ExceptionHandler class>>handle: <anError class> with: <aBlockClosure> during: <aBlockClosure> 
BlockClosure>>on: <anError class> do: <aBlockClosure> 
BasicRunProgram>>begin
BasicRunProgram(BasicProgram)>>run
BasicOnDemandCompiler class>>readTknFile: <'G:\Mùj disk\Document...'> callingProgram: <anUndefinedObject> commandLine: <''> 
Basic class>>start
Message>>perform
NotificationManager>>empty
NotificationManager>>runPendingEvents
NotificationManager>>runEventLoop
Message>>perform
Message>>evaluate
Process>>safelyEvaluate: <aMessage> 
Process>>evaluate: <aMessage> 
