2017.04.28 10:59 B \CYUSBxp32.sys --> www.scottyspectrumanalyzer.us /domains/scottyspectrumanalyzer.us/public_html/Cypress/usb_configure 2.11 and signed drivers/usb_configure 2.11 and signed drivers/latest drivers/XP CYUSBxp32.sys
2017.04.28 10:59 B \CYUSBxp64.sys --> www.scottyspectrumanalyzer.us /domains/scottyspectrumanalyzer.us/public_html/Cypress/usb_configure 2.11 and signed drivers/usb_configure 2.11 and signed drivers/latest drivers/XP CYUSBxp64.sys
2017.04.28 10:59 B \msa-usb-0.03-1012-cyusb-xp.cat --> www.scottyspectrumanalyzer.us /domains/scottyspectrumanalyzer.us/public_html/Cypress/usb_configure 2.11 and signed drivers/usb_configure 2.11 and signed drivers/latest drivers/XP msa-usb-0.03-1012-cyusb-xp.cat
2017.04.28 10:59 B \msa-usb-0.03-1012-cyUSB-XP.inf --> www.scottyspectrumanalyzer.us /domains/scottyspectrumanalyzer.us/public_html/Cypress/usb_configure 2.11 and signed drivers/usb_configure 2.11 and signed drivers/latest drivers/XP msa-usb-0.03-1012-cyUSB-XP.inf
2017.04.28 10:59 B \msa-usb-0.03-1014-cyusb-xp.cat --> www.scottyspectrumanalyzer.us /domains/scottyspectrumanalyzer.us/public_html/Cypress/usb_configure 2.11 and signed drivers/usb_configure 2.11 and signed drivers/latest drivers/XP msa-usb-0.03-1014-cyusb-xp.cat
2017.04.28 10:59 B \msa-usb-0.03-1014-cyUSB-XP.inf --> www.scottyspectrumanalyzer.us /domains/scottyspectrumanalyzer.us/public_html/Cypress/usb_configure 2.11 and signed drivers/usb_configure 2.11 and signed drivers/latest drivers/XP msa-usb-0.03-1014-cyUSB-XP.inf
2017.04.28 10:59 B \msa_usb_100_pid1013_0.03.spt --> www.scottyspectrumanalyzer.us /domains/scottyspectrumanalyzer.us/public_html/Cypress/usb_configure 2.11 and signed drivers/usb_configure 2.11 and signed drivers/latest drivers/XP msa_usb_100_pid1013_0.03.spt
2017.04.28 10:59 B \msa_usb_100_pid1015_0.03.spt --> www.scottyspectrumanalyzer.us /domains/scottyspectrumanalyzer.us/public_html/Cypress/usb_configure 2.11 and signed drivers/usb_configure 2.11 and signed drivers/latest drivers/XP msa_usb_100_pid1015_0.03.spt
2017.04.28 10:59 B \n2pk-usb-1004-cyusb-xp.cat --> www.scottyspectrumanalyzer.us /domains/scottyspectrumanalyzer.us/public_html/Cypress/usb_configure 2.11 and signed drivers/usb_configure 2.11 and signed drivers/latest drivers/XP n2pk-usb-1004-cyusb-xp.cat
2017.04.28 10:59 B \n2pk-usb-1004-cyUSB-XP.inf --> www.scottyspectrumanalyzer.us /domains/scottyspectrumanalyzer.us/public_html/Cypress/usb_configure 2.11 and signed drivers/usb_configure 2.11 and signed drivers/latest drivers/XP n2pk-usb-1004-cyUSB-XP.inf
2017.04.28 10:59 B \n2pk-usb-1008-cyusb-xp.cat --> www.scottyspectrumanalyzer.us /domains/scottyspectrumanalyzer.us/public_html/Cypress/usb_configure 2.11 and signed drivers/usb_configure 2.11 and signed drivers/latest drivers/XP n2pk-usb-1008-cyusb-xp.cat
2017.04.28 10:59 B \n2pk-usb-1008-cyUSB-XP.inf --> www.scottyspectrumanalyzer.us /domains/scottyspectrumanalyzer.us/public_html/Cypress/usb_configure 2.11 and signed drivers/usb_configure 2.11 and signed drivers/latest drivers/XP n2pk-usb-1008-cyUSB-XP.inf
2017.04.28 10:59 B \n2pk-usb-100a-cyusb-xp.cat --> www.scottyspectrumanalyzer.us /domains/scottyspectrumanalyzer.us/public_html/Cypress/usb_configure 2.11 and signed drivers/usb_configure 2.11 and signed drivers/latest drivers/XP n2pk-usb-100a-cyusb-xp.cat
2017.04.28 10:59 B \n2pk-usb-100A-cyUSB-XP.inf --> www.scottyspectrumanalyzer.us /domains/scottyspectrumanalyzer.us/public_html/Cypress/usb_configure 2.11 and signed drivers/usb_configure 2.11 and signed drivers/latest drivers/XP n2pk-usb-100A-cyUSB-XP.inf
2017.04.28 10:59 B \n2pk-usb-100c-cyusb-xp.cat --> www.scottyspectrumanalyzer.us /domains/scottyspectrumanalyzer.us/public_html/Cypress/usb_configure 2.11 and signed drivers/usb_configure 2.11 and signed drivers/latest drivers/XP n2pk-usb-100c-cyusb-xp.cat
2017.04.28 10:59 B \n2pk-usb-100C-cyUSB-XP.inf --> www.scottyspectrumanalyzer.us /domains/scottyspectrumanalyzer.us/public_html/Cypress/usb_configure 2.11 and signed drivers/usb_configure 2.11 and signed drivers/latest drivers/XP n2pk-usb-100C-cyUSB-XP.inf
2017.04.28 10:59 B \n2pk-usb-fx2lp-cyusb-xp.cat --> www.scottyspectrumanalyzer.us /domains/scottyspectrumanalyzer.us/public_html/Cypress/usb_configure 2.11 and signed drivers/usb_configure 2.11 and signed drivers/latest drivers/XP n2pk-usb-fx2lp-cyusb-xp.cat
2017.04.28 10:59 B \n2pk-usb-fx2lp-cyUSB-XP.inf --> www.scottyspectrumanalyzer.us /domains/scottyspectrumanalyzer.us/public_html/Cypress/usb_configure 2.11 and signed drivers/usb_configure 2.11 and signed drivers/latest drivers/XP n2pk-usb-fx2lp-cyUSB-XP.inf
2017.04.28 10:59 B \n2pk_vna_usb_500_pid1009_0.22.spt --> www.scottyspectrumanalyzer.us /domains/scottyspectrumanalyzer.us/public_html/Cypress/usb_configure 2.11 and signed drivers/usb_configure 2.11 and signed drivers/latest drivers/XP n2pk_vna_usb_500_pid1009_0.22.spt
2017.04.28 10:59 B \n2pk_vna_usb_pid1005_0.22.spt --> www.scottyspectrumanalyzer.us /domains/scottyspectrumanalyzer.us/public_html/Cypress/usb_configure 2.11 and signed drivers/usb_configure 2.11 and signed drivers/latest drivers/XP n2pk_vna_usb_pid1005_0.22.spt
2017.04.28 10:59 B \n2pk_vna_usb_v5_500_pid100D_0.22.spt --> www.scottyspectrumanalyzer.us /domains/scottyspectrumanalyzer.us/public_html/Cypress/usb_configure 2.11 and signed drivers/usb_configure 2.11 and signed drivers/latest drivers/XP n2pk_vna_usb_v5_500_pid100D_0.22.spt
2017.04.28 10:59 B \n2pk_vna_usb_v5_pid100B_0.22.spt --> www.scottyspectrumanalyzer.us /domains/scottyspectrumanalyzer.us/public_html/Cypress/usb_configure 2.11 and signed drivers/usb_configure 2.11 and signed drivers/latest drivers/XP n2pk_vna_usb_v5_pid100B_0.22.spt
